2025-11-06 17:37:06, SELF, v:1, k:poo@array, rate:100, iagen:sim, guide:sim, alone:10, study:60
2025-11-06 17:37:20, MOVE, v:1, k:poo@budega, mode:PICK
2025-11-06 17:37:22, EXEC, v:1, k:poo@budega, mode:FULL, rate:0, size:6
2025-11-06 17:50:45, EXEC, v:1, k:poo@budega, mode:FULL, rate:0, size:57
2025-11-06 17:59:04, EXEC, v:1, k:poo@budega, mode:FULL, rate:0, size:72
2025-11-06 18:00:56, EXEC, v:1, k:poo@budega, mode:FULL, rate:0, size:72
2025-11-06 18:01:50, EXEC, v:1, k:poo@budega, mode:FULL, rate:0, size:72
2025-11-06 18:02:18, EXEC, v:1, k:poo@budega, mode:FULL, rate:0
2025-11-06 18:02:41, EXEC, v:1, k:poo@budega, mode:FULL, rate:0, size:72
2025-11-06 18:02:43, EXEC, v:1, k:poo@budega, mode:FULL, rate:0
2025-11-06 18:02:43, EXEC, v:1, k:poo@budega, mode:FULL, rate:0
2025-11-06 18:02:43, EXEC, v:1, k:poo@budega, mode:FULL, rate:0
2025-11-06 18:02:44, EXEC, v:1, k:poo@budega, mode:FULL, rate:0
2025-11-06 18:02:44, EXEC, v:1, k:poo@budega, mode:FULL, rate:0
2025-11-06 18:02:44, EXEC, v:1, k:poo@budega, mode:FULL, rate:0
2025-11-06 18:02:44, EXEC, v:1, k:poo@budega, mode:FULL, rate:0
2025-11-06 18:02:45, EXEC, v:1, k:poo@budega, mode:FULL, rate:0
2025-11-06 18:02:45, EXEC, v:1, k:poo@budega, mode:FULL, rate:0
2025-11-06 18:02:45, EXEC, v:1, k:poo@budega, mode:FULL, rate:0
2025-11-06 18:02:54, EXEC, v:1, k:poo@budega, mode:FULL, rate:0, size:72
2025-11-06 18:05:54, EXEC, v:1, k:poo@budega, mode:FULL, rate:0, size:72
2025-11-06 18:07:12, EXEC, v:1, k:poo@budega, mode:FULL, rate:0, size:72
2025-11-06 18:07:13, EXEC, v:1, k:poo@budega, mode:FULL, rate:0
2025-11-06 18:07:13, EXEC, v:1, k:poo@budega, mode:FULL, rate:0
2025-11-06 18:07:13, EXEC, v:1, k:poo@budega, mode:FULL, rate:0
2025-11-06 18:07:14, EXEC, v:1, k:poo@budega, mode:FULL, rate:0
2025-11-06 18:07:14, EXEC, v:1, k:poo@budega, mode:FULL, rate:0
2025-11-06 18:07:14, EXEC, v:1, k:poo@budega, mode:FULL, rate:0
2025-11-06 18:07:14, EXEC, v:1, k:poo@budega, mode:FULL, rate:0
2025-11-06 18:07:15, EXEC, v:1, k:poo@budega, mode:FULL, rate:0
2025-11-06 18:07:15, EXEC, v:1, k:poo@budega, mode:FULL, rate:0
2025-11-06 18:07:15, EXEC, v:1, k:poo@budega, mode:FULL, rate:0
2025-11-06 18:07:15, EXEC, v:1, k:poo@budega, mode:FULL, rate:0
2025-11-06 18:07:16, EXEC, v:1, k:poo@budega, mode:FULL, rate:0
2025-11-06 18:07:27, EXEC, v:1, k:poo@budega, mode:FULL, rate:0
2025-11-06 18:07:27, EXEC, v:1, k:poo@budega, mode:FULL, rate:0
2025-11-06 18:09:57, EXEC, v:1, k:poo@budega, mode:FULL, rate:0, size:72
2025-11-06 18:10:01, EXEC, v:1, k:poo@budega, mode:FULL, rate:0
2025-11-06 18:10:55, EXEC, v:1, k:poo@budega, mode:FULL, rate:0, size:72
2025-11-06 18:10:56, EXEC, v:1, k:poo@budega, mode:FULL, rate:0
2025-11-06 18:10:56, EXEC, v:1, k:poo@budega, mode:FULL, rate:0
2025-11-06 18:10:56, EXEC, v:1, k:poo@budega, mode:FULL, rate:0
2025-11-06 18:10:57, EXEC, v:1, k:poo@budega, mode:FULL, rate:0
2025-11-06 18:10:57, EXEC, v:1, k:poo@budega, mode:FULL, rate:0
2025-11-06 18:10:57, EXEC, v:1, k:poo@budega, mode:FULL, rate:0
2025-11-06 18:10:57, EXEC, v:1, k:poo@budega, mode:FULL, rate:0
2025-11-06 18:10:58, EXEC, v:1, k:poo@budega, mode:FULL, rate:0
2025-11-06 18:10:58, EXEC, v:1, k:poo@budega, mode:FULL, rate:0
2025-11-06 18:10:58, EXEC, v:1, k:poo@budega, mode:FULL, rate:0
2025-11-06 18:10:58, EXEC, v:1, k:poo@budega, mode:FULL, rate:0
2025-11-06 18:10:59, EXEC, v:1, k:poo@budega, mode:FULL, rate:0
2025-11-06 18:10:59, EXEC, v:1, k:poo@budega, mode:FULL, rate:0
2025-11-06 18:10:59, EXEC, v:1, k:poo@budega, mode:FULL, rate:0
2025-11-06 18:10:59, EXEC, v:1, k:poo@budega, mode:FULL, rate:0
2025-11-06 18:10:59, EXEC, v:1, k:poo@budega, mode:FULL, rate:0
2025-11-06 18:11:00, EXEC, v:1, k:poo@budega, mode:FULL, rate:0
2025-11-06 18:11:00, EXEC, v:1, k:poo@budega, mode:FULL, rate:0
2025-11-06 18:11:00, EXEC, v:1, k:poo@budega, mode:FULL, rate:0
2025-11-06 18:11:08, EXEC, v:1, k:poo@budega, mode:FULL, rate:0, size:72
2025-11-06 18:11:58, EXEC, v:1, k:poo@budega, mode:FULL, rate:10, size:72
2025-11-06 18:13:30, EXEC, v:1, k:poo@budega, mode:FULL, rate:10, size:75
2025-11-06 18:15:39, EXEC, v:1, k:poo@budega, mode:FULL, rate:0, size:73
2025-11-06 18:15:58, EXEC, v:1, k:poo@budega, mode:FULL, rate:20, size:73
2025-11-06 18:17:30, EXEC, v:1, k:poo@budega, mode:FULL, rate:20, size:75
2025-11-06 18:20:01, EXEC, v:1, k:poo@budega, mode:FULL, rate:0, size:82
2025-11-06 18:20:42, EXEC, v:1, k:poo@budega, mode:FULL, rate:0, size:82
2025-11-06 18:21:12, EXEC, v:1, k:poo@budega, mode:FULL, rate:0, size:82
2025-11-06 18:21:13, EXEC, v:1, k:poo@budega, mode:FULL, rate:0
2025-11-06 18:21:14, EXEC, v:1, k:poo@budega, mode:FULL, rate:0
2025-11-06 18:21:43, EXEC, v:1, k:poo@budega, mode:FULL, rate:0, size:82
2025-11-06 18:21:44, EXEC, v:1, k:poo@budega, mode:FULL, rate:0
2025-11-06 18:22:37, EXEC, v:1, k:poo@budega, mode:FULL, rate:0, size:81
2025-11-06 18:22:50, EXEC, v:1, k:poo@budega, mode:FULL, rate:20, size:81
2025-11-06 18:27:13, EXEC, v:1, k:poo@budega, mode:FULL, rate:0, size:93
2025-11-06 18:27:42, MOVE, v:1, k:poo@budega, mode:PICK
2025-11-06 18:27:43, EXEC, v:1, k:poo@budega, mode:FULL, rate:0
2025-11-06 18:30:37, EXEC, v:1, k:poo@budega, mode:FULL, rate:0, size:83
2025-11-06 18:30:49, EXEC, v:1, k:poo@budega, mode:FULL, rate:0, size:83
2025-11-06 18:31:52, EXEC, v:1, k:poo@budega, mode:FULL, rate:0, size:83
2025-11-06 18:31:53, EXEC, v:1, k:poo@budega, mode:FULL, rate:0
2025-11-06 18:32:43, EXEC, v:1, k:poo@budega, mode:FULL, rate:0, size:82
2025-11-06 18:41:17, EXEC, v:1, k:poo@budega, mode:FULL, rate:0, size:82
2025-11-06 18:42:02, EXEC, v:1, k:poo@budega, mode:FULL, rate:0, size:82
2025-11-06 18:42:37, EXEC, v:1, k:poo@budega, mode:FULL, rate:0, size:82
2025-11-06 18:42:46, EXEC, v:1, k:poo@budega, mode:FULL, rate:0, size:82
2025-11-06 18:43:41, EXEC, v:1, k:poo@budega, mode:FULL, rate:0, size:82
2025-11-06 18:43:50, EXEC, v:1, k:poo@budega, mode:FULL, rate:0, size:82
2025-11-06 18:43:57, EXEC, v:1, k:poo@budega, mode:FULL, rate:0, size:82
2025-11-06 18:44:07, EXEC, v:1, k:poo@budega, mode:FULL, rate:0, size:82
2025-11-06 18:44:14, EXEC, v:1, k:poo@budega, mode:FULL, rate:0, size:82
2025-11-06 18:44:25, EXEC, v:1, k:poo@budega, mode:FULL, rate:0, size:82
2025-11-06 18:44:49, EXEC, v:1, k:poo@budega, mode:FULL, rate:0, size:82
2025-11-06 18:45:29, EXEC, v:1, k:poo@budega, mode:FULL, rate:0, size:82
2025-11-06 18:45:35, EXEC, v:1, k:poo@budega, mode:FULL, rate:0, size:82
2025-11-06 18:45:59, EXEC, v:1, k:poo@budega, mode:FULL, rate:0, size:82
2025-11-06 18:48:29, EXEC, v:1, k:poo@budega, mode:FULL, rate:0, size:82
2025-11-06 18:48:41, EXEC, v:1, k:poo@budega, mode:FULL, rate:0, size:82
2025-11-06 18:48:42, EXEC, v:1, k:poo@budega, mode:FULL, rate:0
2025-11-06 18:48:53, EXEC, v:1, k:poo@budega, mode:FULL, rate:0, size:82
2025-11-06 18:48:54, EXEC, v:1, k:poo@budega, mode:FULL, rate:0
2025-11-06 18:49:07, EXEC, v:1, k:poo@budega, mode:FULL, rate:0, size:82
2025-11-06 18:49:14, EXEC, v:1, k:poo@budega, mode:FULL, rate:0, size:82
2025-11-06 18:50:43, EXEC, v:1, k:poo@budega, mode:FULL, rate:0
2025-11-06 18:51:39, EXEC, v:1, k:poo@budega, mode:FULL, rate:20, size:75
2025-11-06 18:55:27, MOVE, v:1, k:poo@budega, mode:BACK
